[19:31:38] [ServerMain/WARN]: You specified a resource pack without providing a sha1 hash. Pack will be updated on the client only if you change the name of the pack.
[19:31:38] [ServerMain/WARN]: resource-pack-id missing, using default of a4706248-5aa0-3b2e-8403-cea94cfcb11d
[19:31:38] [ServerMain/INFO]: Environment: Environment[sessionHost=https://sessionserver.mojang.com, servicesHost=https://api.minecraftservices.com, name=PROD]
[19:31:44] [ServerMain/WARN]: Datapack tried to redefine minecraft:empty loot table, ignoring
[19:31:44] [ServerMain/INFO]: Loaded 7 recipes
[19:31:44] [ServerMain/INFO]: Loaded 1171 advancements
[19:31:45] [Server thread/INFO]: Starting minecraft server version 1.20.4
[19:31:45] [Server thread/INFO]: Loading properties
[19:31:45] [Server thread/INFO]: Default game type: SURVIVAL
[19:31:45] [Server thread/INFO]: Generating keypair
[19:31:45] [Server thread/INFO]: Starting Minecraft server on *:25565
[19:31:45] [Server thread/INFO]: Using epoll channel type
[19:31:45] [Server thread/WARN]: **** SERVER IS RUNNING IN OFFLINE/INSECURE MODE!
[19:31:45] [Server thread/WARN]: The server will make no attempt to authenticate usernames. Beware.
[19:31:45] [Server thread/WARN]: While this makes the game possible to play without internet access, it also opens up the ability for hackers to connect with any username they choose.
[19:31:45] [Server thread/WARN]: To change this, set "online-mode" to "true" in the server.properties file.
[19:31:45] [Server thread/INFO]: Preparing level "world"
[19:31:45] [Server thread/INFO]: Preparing start region for dimension minecraft:overworld
[19:31:48] [Worker-Main-1/INFO]: Preparing spawn area: 0%
[19:31:48] [Worker-Main-1/INFO]: Preparing spawn area: 0%
[19:31:48] [Worker-Main-1/INFO]: Preparing spawn area: 0%
[19:31:48] [Worker-Main-1/INFO]: Preparing spawn area: 0%
[19:31:48] [Worker-Main-1/INFO]: Preparing spawn area: 0%
[19:31:48] [Worker-Main-3/INFO]: Preparing spawn area: 0%
[19:31:48] [Worker-Main-2/INFO]: Preparing spawn area: 0%
[19:31:49] [Worker-Main-2/INFO]: Preparing spawn area: 2%
[19:31:49] [Worker-Main-1/INFO]: Preparing spawn area: 74%
[19:31:50] [Server thread/INFO]: Time elapsed: 4181 ms
[19:31:50] [Server thread/INFO]: Done (4.326s)! For help, type "help"
[19:31:53] [Server thread/WARN]: Can't keep up! Is the server overloaded? Running 2037ms or 40 ticks behind
[19:31:58] [Server thread/INFO]: ByJean2812[/127.156.15.100:53019] logged in with entity id 147 at (68.84647140465957, 20.0, -7.473092420012008)
[19:31:58] [Server thread/INFO]:   ByJean2812 joined the game
[19:32:00] [Server thread/INFO]: Pulpleito8[/127.239.167.167:46859] logged in with entity id 190 at (26.057842701206486, 5.0625, 52.78671229924652)
[19:32:00] [Server thread/INFO]:   Pulpleito8 joined the game
[19:36:28] [Server thread/WARN]: Tried to over-fill a container
[19:36:53] [Server thread/INFO]: Named entity cdd['mob.0007.name'/228, l='ServerLevel[§6The Sky Blessing]', x=33.35, y=11.26, z=92.46] died: mob.0007.name was killed while fighting   Pulpleito8
[19:37:03] [Server thread/INFO]: Named entity cdd['mob.0007.name'/250, l='ServerLevel[§6The Sky Blessing]', x=36.88, y=9.20, z=94.11] died: mob.0007.name was killed while fighting   Pulpleito8
[19:37:15] [Server thread/INFO]: Named entity cdd['mob.0007.name'/282, l='ServerLevel[§6The Sky Blessing]', x=30.62, y=13.33, z=93.86] died: mob.0007.name was killed while fighting   ByJean2812
[19:37:19] [Server thread/INFO]: Named entity cdd['mob.0007.name'/239, l='ServerLevel[§6The Sky Blessing]', x=29.12, y=13.49, z=94.50] died: mob.0007.name was killed while fighting   ByJean2812
[19:37:42] [Server thread/INFO]:   ByJean2812 was burned to a crisp while fighting mob.0244.name
[19:38:22] [Server thread/INFO]:   Pulpleito8 burned to death
[19:39:19] [Server thread/INFO]: Named entity cda['mob.0244.name'/726, l='ServerLevel[§6The Sky Blessing]', x=35.36, y=3.00, z=97.75] died: mob.0244.name was killed while fighting   Pulpleito8
[19:40:27] [Server thread/INFO]: Named entity cda['mob.0244.name'/514, l='ServerLevel[§6The Sky Blessing]', x=31.80, y=2.92, z=105.24] died: mob.0244.name was killed while fighting   Pulpleito8
[19:40:56] [Server thread/INFO]: Named entity cda['mob.0244.name'/245, l='ServerLevel[§6The Sky Blessing]', x=29.18, y=4.00, z=98.14] died: mob.0244.name was killed while fighting   Pulpleito8
[19:41:05] [Server thread/INFO]: Named entity cda['mob.0244.name'/234, l='ServerLevel[§6The Sky Blessing]', x=32.70, y=6.10, z=95.70] died: mob.0244.name was killed while fighting   Pulpleito8
[19:41:22] [Server thread/INFO]: Named entity cda['mob.0244.name'/942, l='ServerLevel[§6The Sky Blessing]', x=37.58, y=2.00, z=111.35] died: mob.0244.name was killed while fighting   ByJean2812
[19:42:02] [Server thread/INFO]:   ByJean2812 was burned to a crisp while fighting mob.0244.name
[19:42:10] [Server thread/INFO]:   Pulpleito8 burned to death
[19:42:31] [Server thread/INFO]: Named entity cda['mob.0244.name'/1131, l='ServerLevel[§6The Sky Blessing]', x=29.88, y=5.27, z=97.70] died: mob.0244.name was killed while fighting   ByJean2812
[19:43:51] [Server thread/INFO]: Named entity cda['mob.0244.name'/552, l='ServerLevel[§6The Sky Blessing]', x=29.53, y=3.50, z=97.71] died: mob.0244.name was killed while fighting   ByJean2812
[19:44:15] [Server thread/INFO]: Named entity cda['mob.0244.name'/1128, l='ServerLevel[§6The Sky Blessing]', x=28.86, y=5.06, z=97.70] died: mob.0244.name was killed while fighting   ByJean2812
[19:44:21] [Server thread/INFO]: Named entity cda['mob.0244.name'/339, l='ServerLevel[§6The Sky Blessing]', x=29.21, y=4.71, z=97.70] died: mob.0244.name was killed while fighting   ByJean2812
[19:44:26] [Server thread/INFO]: Named entity cda['mob.0244.name'/873, l='ServerLevel[§6The Sky Blessing]', x=29.84, y=5.18, z=97.70] died: mob.0244.name was killed while fighting   Pulpleito8
[19:44:34] [Server thread/INFO]: Named entity cda['mob.0244.name'/919, l='ServerLevel[§6The Sky Blessing]', x=29.67, y=3.96, z=98.62] died: mob.0244.name was killed while fighting   Pulpleito8
[19:46:00] [Server thread/INFO]: Named entity ccd['mob.0030.name'/1230, l='ServerLevel[§6The Sky Blessing]', x=28.41, y=-10.83, z=108.30] died: mob.0030.name was killed while fighting   Pulpleito8
[19:46:21] [Server thread/INFO]: Named entity ccd['mob.0030.name'/1983, l='ServerLevel[§6The Sky Blessing]', x=27.31, y=-10.89, z=108.85] died: mob.0030.name was killed while fighting   ByJean2812
[19:46:54] [Server thread/INFO]:   Pulpleito8 was impaled by Drowned
[19:48:32] [Server thread/INFO]:   ByJean2812 was impaled by Drowned
[19:49:50] [Server thread/INFO]: Named entity ccd['Drowned'/414, l='ServerLevel[§6The Sky Blessing]', x=32.70, y=-10.39, z=101.25] died: Drowned was killed while fighting   ByJean2812
[19:49:51] [Server thread/INFO]:   Pulpleito8 was impaled by Drowned
[19:50:04] [Server thread/INFO]:   ByJean2812 was impaled by Drowned
[19:50:39] [Server thread/INFO]: Named entity ccd['Drowned'/2066, l='ServerLevel[§6The Sky Blessing]', x=33.22, y=-10.89, z=100.91] died: Drowned was killed while fighting   Pulpleito8
[19:50:58] [Server thread/INFO]: Named entity ccd['mob.0030.name'/2063, l='ServerLevel[§6The Sky Blessing]', x=33.53, y=-10.46, z=99.97] died: mob.0030.name was killed while fighting Drowned
[19:51:00] [Server thread/INFO]:   ByJean2812 was impaled by Drowned
[19:52:08] [Server thread/INFO]: Named entity ccd['Drowned'/431, l='ServerLevel[§6The Sky Blessing]', x=29.78, y=-10.36, z=99.43] died: Drowned was killed while fighting   ByJean2812
[19:52:13] [Server thread/INFO]:   ByJean2812 was impaled by Drowned
[19:52:23] [Server thread/INFO]: Named entity ccd['mob.0030.name'/2075, l='ServerLevel[§6The Sky Blessing]', x=32.63, y=-10.67, z=100.52] died: mob.0030.name was killed while fighting Drowned
[19:52:36] [Server thread/INFO]: Named entity ccd['Drowned'/2672, l='ServerLevel[§6The Sky Blessing]', x=32.70, y=-10.61, z=102.70] died: Drowned was killed while fighting   ByJean2812
[19:53:10] [Server thread/INFO]:   ByJean2812 was impaled by Drowned
[19:53:35] [Server thread/INFO]:   ByJean2812 was impaled by Drowned
[19:53:55] [Server thread/INFO]:   ByJean2812 was impaled by Drowned
[19:54:07] [Server thread/INFO]:   Pulpleito8 was impaled by Drowned
[19:54:15] [Server thread/INFO]: Named entity ccd['mob.0030.name'/2069, l='ServerLevel[§6The Sky Blessing]', x=35.30, y=-10.92, z=99.39] died: mob.0030.name was killed while fighting Drowned
[19:54:17] [Server thread/INFO]: Named entity ccd['Drowned'/2597, l='ServerLevel[§6The Sky Blessing]', x=33.35, y=-10.99, z=98.73] died: Drowned was killed while fighting   ByJean2812
[19:54:28] [Server thread/INFO]: Named entity ccd['mob.0030.name'/2718, l='ServerLevel[§6The Sky Blessing]', x=32.52, y=-10.92, z=94.67] died: mob.0030.name was killed while fighting   ByJean2812
[19:54:31] [Server thread/INFO]: Named entity ccd['Drowned'/2072, l='ServerLevel[§6The Sky Blessing]', x=29.53, y=-10.35, z=93.30] died: Drowned was killed while fighting   ByJean2812
[19:54:54] [Server thread/INFO]: Named entity cde['mob.0005.name'/3493, l='ServerLevel[§6The Sky Blessing]', x=30.73, y=-10.47, z=100.10] died: mob.0005.name was killed while fighting   Pulpleito8
[19:55:02] [Server thread/INFO]: Named entity ccd['mob.0030.name'/2205, l='ServerLevel[§6The Sky Blessing]', x=26.30, y=-10.99, z=97.70] died: mob.0030.name was killed while fighting   ByJean2812
[19:55:04] [Server thread/INFO]: Named entity ccd['mob.0030.name'/1198, l='ServerLevel[§6The Sky Blessing]', x=27.42, y=-11.00, z=98.70] died: mob.0030.name was killed while fighting   ByJean2812
[19:55:06] [Server thread/INFO]: Named entity cde['mob.0005.name'/3494, l='ServerLevel[§6The Sky Blessing]', x=32.04, y=-10.15, z=99.30] died: mob.0005.name was killed while fighting   Pulpleito8
[19:55:12] [Server thread/INFO]: Named entity cde['mob.0005.name'/3495, l='ServerLevel[§6The Sky Blessing]', x=33.91, y=-10.31, z=96.37] died: mob.0005.name was killed while fighting   Pulpleito8
[19:55:19] [Server thread/INFO]: Named entity ccd['mob.0030.name'/3754, l='ServerLevel[§6The Sky Blessing]', x=32.26, y=-10.97, z=96.70] died: mob.0030.name was killed while fighting   Pulpleito8
[19:55:20] [Server thread/INFO]: Named entity ccd['mob.0030.name'/2197, l='ServerLevel[§6The Sky Blessing]', x=30.81, y=-11.00, z=96.70] died: mob.0030.name was killed while fighting   ByJean2812
[20:04:14] [Server thread/ERROR]: Display entityNot a string
[20:04:14] [Server thread/ERROR]: Display entityNot a string
[20:04:14] [Server thread/ERROR]: Display entityNot a string
[20:04:14] [Server thread/ERROR]: Display entityNot a string
[20:04:14] [Server thread/ERROR]: Display entityNot a string
[20:04:46] [Server thread/INFO]: Named entity ccx['mob.0439.name'/3934, l='ServerLevel[§6The Sky Blessing]', x=2687.50, y=-300.00, z=-475.50] died: mob.0439.name was killed
[20:04:46] [Server thread/INFO]: Named entity ccx['mob.0439.name'/3937, l='ServerLevel[§6The Sky Blessing]', x=2679.50, y=-300.00, z=-494.50] died: mob.0439.name was killed
[20:04:46] [Server thread/INFO]: Named entity ccx['mob.0441.name'/3940, l='ServerLevel[§6The Sky Blessing]', x=2695.50, y=-300.00, z=-486.50] died: mob.0441.name was killed
[20:04:46] [Server thread/INFO]: Named entity ccx['mob.0442.name'/3943, l='ServerLevel[§6The Sky Blessing]', x=2698.50, y=-300.00, z=-464.50] died: mob.0442.name was killed
[20:04:46] [Server thread/INFO]: Named entity ccx['mob.0439.name'/3946, l='ServerLevel[§6The Sky Blessing]', x=2679.50, y=-300.00, z=-461.50] died: mob.0439.name was killed
[20:04:46] [Server thread/INFO]: Named entity ccx['mob.0440.name'/3949, l='ServerLevel[§6The Sky Blessing]', x=2705.50, y=-300.00, z=-472.50] died: mob.0440.name was killed
[20:04:46] [Server thread/INFO]: Named entity ccx['mob.0440.name'/3951, l='ServerLevel[§6The Sky Blessing]', x=2705.50, y=-300.00, z=-474.50] died: mob.0440.name was killed
[20:04:46] [Server thread/INFO]: Named entity ccx['mob.0440.name'/3953, l='ServerLevel[§6The Sky Blessing]', x=2705.50, y=-300.00, z=-476.50] died: mob.0440.name was killed
[20:17:05] [Server thread/INFO]: Pulpleito8 lost connection: Disconnected
[20:17:05] [Server thread/INFO]:   Pulpleito8 left the game
[20:17:12] [Server thread/INFO]: Pulpleito8[/127.239.167.167:32909] logged in with entity id 4007 at (16.808652923897622, 15.0, -16.487047347354384)
[20:17:12] [Server thread/INFO]:   Pulpleito8 joined the game
[20:32:04] [Server thread/INFO]: ByJean2812 lost connection: Timed out
[20:32:04] [Server thread/INFO]:   ByJean2812 left the game
[20:32:04] [Server thread/WARN]: handleDisconnection() called twice
[20:32:22] [Server thread/ERROR]: Display entityNot a string
[20:32:22] [Server thread/ERROR]: Display entityNot a string
[20:32:22] [Server thread/ERROR]: Display entityNot a string
[20:32:22] [Server thread/ERROR]: Display entityNot a string
[20:32:22] [Server thread/ERROR]: Display entityNot a string
[20:32:25] [Server thread/INFO]: Named entity ccx['mob.0439.name'/6428, l='ServerLevel[§6The Sky Blessing]', x=2687.50, y=-300.00, z=-475.50] died: mob.0439.name was killed
[20:32:25] [Server thread/INFO]: Named entity ccx['mob.0439.name'/6431, l='ServerLevel[§6The Sky Blessing]', x=2679.50, y=-300.00, z=-494.50] died: mob.0439.name was killed
[20:32:25] [Server thread/INFO]: Named entity ccx['mob.0439.name'/6434, l='ServerLevel[§6The Sky Blessing]', x=2679.50, y=-300.00, z=-461.50] died: mob.0439.name was killed
[20:32:25] [Server thread/INFO]: Named entity ccx['mob.0440.name'/6437, l='ServerLevel[§6The Sky Blessing]', x=2705.50, y=-300.00, z=-472.50] died: mob.0440.name was killed
[20:32:25] [Server thread/INFO]: Named entity ccx['mob.0440.name'/6439, l='ServerLevel[§6The Sky Blessing]', x=2705.50, y=-300.00, z=-474.50] died: mob.0440.name was killed
[20:32:25] [Server thread/INFO]: Named entity ccx['mob.0440.name'/6441, l='ServerLevel[§6The Sky Blessing]', x=2705.50, y=-300.00, z=-476.50] died: mob.0440.name was killed
[20:32:25] [Server thread/INFO]: Named entity ccx['mob.0441.name'/6443, l='ServerLevel[§6The Sky Blessing]', x=2695.50, y=-300.00, z=-486.50] died: mob.0441.name was killed
[20:32:25] [Server thread/INFO]: Named entity ccx['mob.0442.name'/6446, l='ServerLevel[§6The Sky Blessing]', x=2698.50, y=-300.00, z=-464.50] died: mob.0442.name was killed
